

Started GET "/parties" for 127.0.0.1 at 2014-10-28 20:27:58 -0700
  [1m[36mActiveRecord::SchemaMigration Load (0.1ms)[0m  [1mSELECT "schema_migrations".* FROM "schema_migrations"[0m
Processing by PartiesController#index as HTML
  [1m[35mParty Load (0.2ms)[0m  SELECT "parties".* FROM "parties"
  Rendered parties/index.html.erb within layouts/application (9.6ms)
  Rendered layouts/_header.html.erb (0.4ms)
Completed 200 OK in 2089ms (Views: 2072.2ms | ActiveRecord: 0.6ms)


Started GET "/parties" for 127.0.0.1 at 2014-10-28 20:28:00 -0700
Processing by PartiesController#index as HTML
  [1m[36mParty Load (0.1ms)[0m  [1mSELECT "parties".* FROM "parties"[0m
  Rendered parties/index.html.erb within layouts/application (2.0ms)
  Rendered layouts/_header.html.erb (0.0ms)
Completed 200 OK in 73ms (Views: 71.2ms | ActiveRecord: 0.1ms)


Started GET "/assets/bootstrap_and_customization.css?body=1" for 127.0.0.1 at 2014-10-28 20:28:00 -0700


Started GET "/assets/parties.css?body=1" for 127.0.0.1 at 2014-10-28 20:28:00 -0700


Started GET "/assets/application.css?body=1" for 127.0.0.1 at 2014-10-28 20:28:00 -0700


Started GET "/assets/jquery.js?body=1" for 127.0.0.1 at 2014-10-28 20:28:00 -0700


Started GET "/assets/bootstrap-datetimepicker.css?body=1" for 127.0.0.1 at 2014-10-28 20:28:00 -0700


Started GET "/assets/scaffolds.css?body=1" for 127.0.0.1 at 2014-10-28 20:28:00 -0700


Started GET "/assets/jquery_ujs.js?body=1" for 127.0.0.1 at 2014-10-28 20:28:00 -0700


Started GET "/assets/turbolinks.js?body=1" for 127.0.0.1 at 2014-10-28 20:28:00 -0700


Started GET "/assets/parties.js?body=1" for 127.0.0.1 at 2014-10-28 20:28:00 -0700


Started GET "/assets/moment.js?body=1" for 127.0.0.1 at 2014-10-28 20:28:00 -0700


Started GET "/assets/bootstrap-datetimepicker.js?body=1" for 127.0.0.1 at 2014-10-28 20:28:00 -0700


Started GET "/assets/pickers.js?body=1" for 127.0.0.1 at 2014-10-28 20:28:00 -0700


Started GET "/assets/application.js?body=1" for 127.0.0.1 at 2014-10-28 20:28:00 -0700


Started GET "/parties/5/edit" for 127.0.0.1 at 2014-10-28 20:28:02 -0700
Processing by PartiesController#edit as HTML
  Parameters: {"id"=>"5"}
  [1m[35mParty Load (0.7ms)[0m  SELECT  "parties".* FROM "parties"  WHERE "parties"."id" = ? LIMIT 1  [["id", 5]]
  Rendered parties/_form.html.erb (41.1ms)
  Rendered parties/edit.html.erb within layouts/application (42.4ms)
  Rendered layouts/_header.html.erb (0.4ms)
Completed 200 OK in 124ms (Views: 119.1ms | ActiveRecord: 0.7ms)


Started GET "/fonts/bootstrap/glyphicons-halflings-regular.woff" for 127.0.0.1 at 2014-10-28 20:28:02 -0700

ActionController::RoutingError (No route matches [GET] "/fonts/bootstrap/glyphicons-halflings-regular.woff"):
  actionpack (4.1.6) lib/action_dispatch/middleware/debug_exceptions.rb:21:in `call'
  actionpack (4.1.6) lib/action_dispatch/middleware/show_exceptions.rb:30:in `call'
  railties (4.1.6) lib/rails/rack/logger.rb:38:in `call_app'
  railties (4.1.6) lib/rails/rack/logger.rb:20:in `block in call'
  activesupport (4.1.6) lib/active_support/tagged_logging.rb:68:in `block in tagged'
  activesupport (4.1.6) lib/active_support/tagged_logging.rb:26:in `tagged'
  activesupport (4.1.6) lib/active_support/tagged_logging.rb:68:in `tagged'
  railties (4.1.6) lib/rails/rack/logger.rb:20:in `call'
  actionpack (4.1.6) lib/action_dispatch/middleware/request_id.rb:21:in `call'
  rack (1.5.2) lib/rack/methodoverride.rb:21:in `call'
  rack (1.5.2) lib/rack/runtime.rb:17:in `call'
  activesupport (4.1.6) lib/active_support/cache/strategy/local_cache_middleware.rb:26:in `call'
  rack (1.5.2) lib/rack/lock.rb:17:in `call'
  actionpack (4.1.6) lib/action_dispatch/middleware/static.rb:64:in `call'
  rack (1.5.2) lib/rack/sendfile.rb:112:in `call'
  railties (4.1.6) lib/rails/engine.rb:514:in `call'
  railties (4.1.6) lib/rails/application.rb:144:in `call'
  rack (1.5.2) lib/rack/lock.rb:17:in `call'
  rack (1.5.2) lib/rack/content_length.rb:14:in `call'
  rack (1.5.2) lib/rack/handler/webrick.rb:60:in `service'
  /usr/local/lib/ruby/2.1.0/webrick/httpserver.rb:138:in `service'
  /usr/local/lib/ruby/2.1.0/webrick/httpserver.rb:94:in `run'
  /usr/local/lib/ruby/2.1.0/webrick/server.rb:295:in `block in start_thread'


  Rendered /usr/local/lib/ruby/gems/2.1.0/gems/actionpack-4.1.6/lib/action_dispatch/middleware/templates/rescues/_trace.html.erb (1.2ms)
  Rendered /usr/local/lib/ruby/gems/2.1.0/gems/actionpack-4.1.6/lib/action_dispatch/middleware/templates/routes/_route.html.erb (1.4ms)
  Rendered /usr/local/lib/ruby/gems/2.1.0/gems/actionpack-4.1.6/lib/action_dispatch/middleware/templates/routes/_table.html.erb (5.3ms)
  Rendered /usr/local/lib/ruby/gems/2.1.0/gems/actionpack-4.1.6/lib/action_dispatch/middleware/templates/rescues/routing_error.html.erb within rescues/layout (144.1ms)


Started GET "/fonts/bootstrap/glyphicons-halflings-regular.ttf" for 127.0.0.1 at 2014-10-28 20:28:02 -0700

ActionController::RoutingError (No route matches [GET] "/fonts/bootstrap/glyphicons-halflings-regular.ttf"):
  actionpack (4.1.6) lib/action_dispatch/middleware/debug_exceptions.rb:21:in `call'
  actionpack (4.1.6) lib/action_dispatch/middleware/show_exceptions.rb:30:in `call'
  railties (4.1.6) lib/rails/rack/logger.rb:38:in `call_app'
  railties (4.1.6) lib/rails/rack/logger.rb:20:in `block in call'
  activesupport (4.1.6) lib/active_support/tagged_logging.rb:68:in `block in tagged'
  activesupport (4.1.6) lib/active_support/tagged_logging.rb:26:in `tagged'
  activesupport (4.1.6) lib/active_support/tagged_logging.rb:68:in `tagged'
  railties (4.1.6) lib/rails/rack/logger.rb:20:in `call'
  actionpack (4.1.6) lib/action_dispatch/middleware/request_id.rb:21:in `call'
  rack (1.5.2) lib/rack/methodoverride.rb:21:in `call'
  rack (1.5.2) lib/rack/runtime.rb:17:in `call'
  activesupport (4.1.6) lib/active_support/cache/strategy/local_cache_middleware.rb:26:in `call'
  rack (1.5.2) lib/rack/lock.rb:17:in `call'
  actionpack (4.1.6) lib/action_dispatch/middleware/static.rb:64:in `call'
  rack (1.5.2) lib/rack/sendfile.rb:112:in `call'
  railties (4.1.6) lib/rails/engine.rb:514:in `call'
  railties (4.1.6) lib/rails/application.rb:144:in `call'
  rack (1.5.2) lib/rack/lock.rb:17:in `call'
  rack (1.5.2) lib/rack/content_length.rb:14:in `call'
  rack (1.5.2) lib/rack/handler/webrick.rb:60:in `service'
  /usr/local/lib/ruby/2.1.0/webrick/httpserver.rb:138:in `service'
  /usr/local/lib/ruby/2.1.0/webrick/httpserver.rb:94:in `run'
  /usr/local/lib/ruby/2.1.0/webrick/server.rb:295:in `block in start_thread'


  Rendered /usr/local/lib/ruby/gems/2.1.0/gems/actionpack-4.1.6/lib/action_dispatch/middleware/templates/rescues/_trace.html.erb (0.8ms)
  Rendered /usr/local/lib/ruby/gems/2.1.0/gems/actionpack-4.1.6/lib/action_dispatch/middleware/templates/routes/_route.html.erb (1.7ms)
  Rendered /usr/local/lib/ruby/gems/2.1.0/gems/actionpack-4.1.6/lib/action_dispatch/middleware/templates/routes/_table.html.erb (1.0ms)
  Rendered /usr/local/lib/ruby/gems/2.1.0/gems/actionpack-4.1.6/lib/action_dispatch/middleware/templates/rescues/routing_error.html.erb within rescues/layout (14.1ms)


Started GET "/parties" for 127.0.0.1 at 2014-10-28 20:28:05 -0700
Processing by PartiesController#index as HTML
  [1m[36mParty Load (0.2ms)[0m  [1mSELECT "parties".* FROM "parties"[0m
  Rendered parties/index.html.erb within layouts/application (2.5ms)
  Rendered layouts/_header.html.erb (0.0ms)
Completed 200 OK in 73ms (Views: 72.3ms | ActiveRecord: 0.2ms)
